<< CAP LS
<< NICK aheinane
<< USER aheinane aheinane irc.libera.chat :Aleksandra Heinanen
>> :osmium.libera.chat NOTICE * :*** Checking Ident
>> :osmium.libera.chat NOTICE * :*** Looking up your hostname...
>> :osmium.libera.chat NOTICE * :*** Couldn't look up your hostname
>> :osmium.libera.chat NOTICE * :*** No Ident response
>> :osmium.libera.chat CAP * LS :account-notify away-notify chghost extended-join multi-prefix sasl tls account-tag cap-notify echo-message server-time solanum.chat/identify-msg solanum.chat/oper solanum.chat/realhost
<< CAP REQ :multi-prefix
>> :osmium.libera.chat CAP aheinane ACK :multi-prefix
<< CAP END
>> :osmium.libera.chat 001 aheinane :Welcome to the Libera.Chat Internet Relay Chat Network aheinane
<< MODE aheinane +i
>> :osmium.libera.chat 002 aheinane :Your host is osmium.libera.chat[188.240.145.101/6697], running version solanum-1.0-dev
>> :osmium.libera.chat 003 aheinane :This server was created Thu Jul 18 2024 at 16:56:31 UTC
>> :osmium.libera.chat 004 aheinane osmium.libera.chat solanum-1.0-dev DGIMQRSZaghilopsuwz CFILMPQRSTbcefgijklmnopqrstuvz bkloveqjfI
>> :osmium.libera.chat 005 aheinane ACCOUNTEXTBAN=a WHOX FNC KNOCK SAFELIST ELIST=CMNTU CALLERID=g MONITOR=100 ETRACE CHANTYPES=# EXCEPTS INVEX :are supported by this server
>> :osmium.libera.chat 005 aheinane CHANMODES=eIbq,k,flj,CFLMPQRSTcgimnprstuz CHANLIMIT=#:250 PREFIX=(ov)@+ MAXLIST=bqeI:100 MODES=4 NETWORK=Libera.Chat STATUSMSG=@+ CASEMAPPING=rfc1459 NICKLEN=16 MAXNICKLEN=16 CHANNELLEN=50 TOPICLEN=390 :are supported by this server
>> :osmium.libera.chat 005 aheinane DEAF=D TARGMAX=NAMES:1,LIST:1,KICK:1,WHOIS:1,PRIVMSG:4,NOTICE:4,ACCEPT:,MONITOR: EXTBAN=$,agjrxz :are supported by this server
>> :osmium.libera.chat 251 aheinane :There are 60 users and 31968 invisible on 28 servers
>> :osmium.libera.chat 252 aheinane 40 :IRC Operators online
>> :osmium.libera.chat 253 aheinane 90 :unknown connection(s)
>> :osmium.libera.chat 254 aheinane 23034 :channels formed
>> :osmium.libera.chat 255 aheinane :I have 2081 clients and 1 servers
>> :osmium.libera.chat 265 aheinane 2081 2949 :Current local users 2081, max 2949
>> :osmium.libera.chat 266 aheinane 32028 34153 :Current global users 32028, max 34153
>> :osmium.libera.chat 250 aheinane :Highest connection count: 2950 (2949 clients) (390526 connections received)
>> :osmium.libera.chat 375 aheinane :- osmium.libera.chat Message of the Day - 
>> :osmium.libera.chat 372 aheinane :- This server provided by NORDUnet/SUNET
>> :osmium.libera.chat 372 aheinane :- Welcome to Libera Chat, the IRC network for
>> :osmium.libera.chat 372 aheinane :- free & open-source software and peer directed projects.
>> :osmium.libera.chat 372 aheinane :-  
>> :osmium.libera.chat 372 aheinane :- Use of Libera Chat is governed by our network policies.
>> :osmium.libera.chat 372 aheinane :-  
>> :osmium.libera.chat 372 aheinane :- To reduce network abuses we perform open proxy checks
>> :osmium.libera.chat 372 aheinane :- on hosts at connection time.
>> :osmium.libera.chat 372 aheinane :-  
>> :osmium.libera.chat 372 aheinane :- Please visit us in #libera for questions and support.
>> :osmium.libera.chat 372 aheinane :-  
>> :osmium.libera.chat 372 aheinane :- Website and documentation:  https://libera.chat
>> :osmium.libera.chat 372 aheinane :- Webchat:                    https://web.libera.chat
>> :osmium.libera.chat 372 aheinane :- Network policies:           https://libera.chat/policies
>> :osmium.libera.chat 372 aheinane :- Email:                      support@libera.chat
>> :osmium.libera.chat 376 aheinane :End of /MOTD command.
>> :aheinane MODE aheinane :+Ziw
<< PING osmium.libera.chat
>> :osmium.libera.chat PONG osmium.libera.chat :osmium.libera.chat
--> lag pong
<< JOIN #helloworld
>> :aheinane!~aheinane@194.136.126.52 JOIN #helloworld
>> :osmium.libera.chat 353 aheinane = #helloworld :aheinane rvalue brtknr
>> :osmium.libera.chat 366 aheinane #helloworld :End of /NAMES list.
<< MODE #helloworld
>> :osmium.libera.chat 324 aheinane #helloworld +nt
--> chanquery mode
<< WHO #helloworld
>> :osmium.libera.chat 329 aheinane #helloworld 1622108506
--> event 329
>> :osmium.libera.chat 352 aheinane #helloworld ~aheinane 194.136.126.52 osmium.libera.chat aheinane H :0 Aleksandra Heinanen
--> silent event who
>> :osmium.libera.chat 352 aheinane #helloworld ~rvalue user/rvalue tungsten.libera.chat rvalue H :0 rvalue
--> silent event who
>> :osmium.libera.chat 352 aheinane #helloworld ~brtknr 121.42.185.35.bc.googleusercontent.com mercury.libera.chat brtknr H :0 Bharat Kunwar
--> silent event who
>> :osmium.libera.chat 315 aheinane #helloworld :End of /WHO list.
--> chanquery who end
<< MODE #helloworld b
>> :osmium.libera.chat 368 aheinane #helloworld :End of Channel Ban List
--> chanquery ban end
<< PART #helloworld
>> :aheinane!~aheinane@194.136.126.52 PART #helloworld
<< NICK sasha
>> :osmium.libera.chat 433 aheinane sasha :Nickname is already in use.
<< NICK nicesasha
>> :aheinane!~aheinane@194.136.126.52 NICK :nicesasha
<< PING osmium.libera.chat
>> :osmium.libera.chat PONG osmium.libera.chat :osmium.libera.chat
--> lag pong
<< userhost hellosasah
>> :osmium.libera.chat 302 nicesasha :
